
  .   ____          _            __ _ _
 /\\ / ___'_ __ _ _(_)_ __  __ _ \ \ \ \
( ( )\___ | '_ | '_| | '_ \/ _` | \ \ \ \
 \\/  ___)| |_)| | | | | || (_| |  ) ) ) )
  '  |____| .__|_| |_|_| |_\__, | / / / /
 =========|_|==============|___/=/_/_/_/
 :: Spring Boot ::                (v3.2.0)

18:39:44.899 [34mINFO [0;39m [36m[background-preinit][0;39m [33m[o.h.validator.internal.util.Version][0;39m - HV000001: Hibernate Validator 8.0.1.Final
18:39:45.152 [34mINFO [0;39m [36m[main][0;39m [33m[c.bcbbs.backend.BackendApplication][0;39m - Starting BackendApplication v0.0.1-SNAPSHOT using Java 17.0.17 with PID 83365 (/www/wwwroot/www.bcbbs3.cn/backend/target/backend-0.0.1-SNAPSHOT.jar started by root in /www/wwwroot/www.bcbbs3.cn/backend)
18:39:45.154 [39mDEBUG[0;39m [36m[main][0;39m [33m[c.bcbbs.backend.BackendApplication][0;39m - Running with Spring Boot v3.2.0, Spring v6.1.1
18:39:45.164 [34mINFO [0;39m [36m[main][0;39m [33m[c.bcbbs.backend.BackendApplication][0;39m - No active profile set, falling back to 1 default profile: "default"
18:39:50.620 [34mINFO [0;39m [36m[main][0;39m [33m[o.s.d.r.c.RepositoryConfigurationDelegate][0;39m - Bootstrapping Spring Data JPA repositories in DEFAULT mode.
18:39:51.162 [34mINFO [0;39m [36m[main][0;39m [33m[o.s.d.r.c.RepositoryConfigurationDelegate][0;39m - Finished Spring Data repository scanning in 470 ms. Found 4 JPA repository interfaces.
18:39:55.492 [34mINFO [0;39m [36m[main][0;39m [33m[o.s.b.w.e.tomcat.TomcatWebServer][0;39m - Tomcat initialized with port 8080 (http)
18:39:55.548 [34mINFO [0;39m [36m[main][0;39m [33m[o.a.coyote.http11.Http11NioProtocol][0;39m - Initializing ProtocolHandler ["http-nio-8080"]
18:39:55.559 [34mINFO [0;39m [36m[main][0;39m [33m[o.a.catalina.core.StandardService][0;39m - Starting service [Tomcat]
18:39:55.563 [34mINFO [0;39m [36m[main][0;39m [33m[o.a.catalina.core.StandardEngine][0;39m - Starting Servlet engine: [Apache Tomcat/10.1.16]
18:39:55.786 [34mINFO [0;39m [36m[main][0;39m [33m[o.a.c.c.C.[Tomcat].[localhost].[/]][0;39m - Initializing Spring embedded WebApplicationContext
18:39:55.790 [34mINFO [0;39m [36m[main][0;39m [33m[o.s.b.w.s.c.ServletWebServerApplicationContext][0;39m - Root WebApplicationContext: initialization completed in 10302 ms
18:39:57.187 [34mINFO [0;39m [36m[main][0;39m [33m[o.h.jpa.internal.util.LogHelper][0;39m - HHH000204: Processing PersistenceUnitInfo [name: default]
18:39:57.651 [34mINFO [0;39m [36m[main][0;39m [33m[org.hibernate.Version][0;39m - HHH000412: Hibernate ORM core version 6.3.1.Final
18:39:57.947 [34mINFO [0;39m [36m[main][0;39m [33m[o.h.c.i.RegionFactoryInitiator][0;39m - HHH000026: Second-level cache disabled
18:40:00.491 [34mINFO [0;39m [36m[main][0;39m [33m[o.s.o.j.p.SpringPersistenceUnitInfo][0;39m - No LoadTimeWeaver setup: ignoring JPA class transformer
18:40:00.855 [34mINFO [0;39m [36m[main][0;39m [33m[com.zaxxer.hikari.HikariDataSource][0;39m - HikariPool-1 - Starting...
18:40:03.312 [34mINFO [0;39m [36m[main][0;39m [33m[com.zaxxer.hikari.pool.HikariPool][0;39m - HikariPool-1 - Added connection com.mysql.cj.jdbc.ConnectionImpl@702f4124
18:40:03.334 [34mINFO [0;39m [36m[main][0;39m [33m[com.zaxxer.hikari.HikariDataSource][0;39m - HikariPool-1 - Start completed.
18:40:03.750 [31mWARN [0;39m [36m[main][0;39m [33m[org.hibernate.orm.deprecation][0;39m - HHH90000025: MySQLDialect does not need to be specified explicitly using 'hibernate.dialect' (remove the property setting and it will be selected by default)
18:40:09.859 [34mINFO [0;39m [36m[main][0;39m [33m[o.h.e.t.j.p.i.JtaPlatformInitiator][0;39m - HHH000489: No JTA platform available (set 'hibernate.transaction.jta.platform' to enable JTA platform integration)
18:40:10.193 [34mINFO [0;39m [36m[main][0;39m [33m[o.s.o.j.LocalContainerEntityManagerFactoryBean][0;39m - Initialized JPA EntityManagerFactory for persistence unit 'default'
18:40:12.968 [39mDEBUG[0;39m [36m[main][0;39m [33m[c.b.b.s.JwtAuthenticationFilter][0;39m - Filter 'jwtAuthenticationFilter' configured for use
18:40:14.479 [31mWARN [0;39m [36m[main][0;39m [33m[o.s.b.a.o.j.JpaBaseConfiguration$JpaWebConfiguration][0;39m - spring.jpa.open-in-view is enabled by default. Therefore, database queries may be performed during view rendering. Explicitly configure spring.jpa.open-in-view to disable this warning
18:40:15.951 [39mDEBUG[0;39m [36m[main][0;39m [33m[o.s.w.s.m.m.a.RequestMappingHandlerMapping][0;39m - 12 mappings in 'requestMappingHandlerMapping'
18:40:17.113 [39mDEBUG[0;39m [36m[main][0;39m [33m[o.s.w.s.c.a.WebMvcConfigurer][0;39m - Default resource handling disabled
18:40:17.421 [34mINFO [0;39m [36m[main][0;39m [33m[o.s.s.web.DefaultSecurityFilterChain][0;39m - Will secure any request with [org.springframework.security.web.session.DisableEncodeUrlFilter@5f93ec02, org.springframework.security.web.context.request.async.WebAsyncManagerIntegrationFilter@57cc0333, org.springframework.security.web.context.SecurityContextHolderFilter@1a23136f, org.springframework.security.web.header.HeaderWriterFilter@7e4bbda4, org.springframework.web.filter.CorsFilter@4e22dadb, org.springframework.security.web.authentication.logout.LogoutFilter@1e186006, com.bcbbs.backend.security.JwtAuthenticationFilter@574413bd, org.springframework.security.web.savedrequest.RequestCacheAwareFilter@20724c21, org.springframework.security.web.servletapi.SecurityContextHolderAwareRequestFilter@c0cb9c2, org.springframework.security.web.authentication.AnonymousAuthenticationFilter@5aa2758a, org.springframework.security.web.session.SessionManagementFilter@7d7888a5, org.springframework.security.web.access.ExceptionTranslationFilter@2ec258f1, org.springframework.security.web.access.intercept.AuthorizationFilter@69cc3370]
18:40:18.207 [39mDEBUG[0;39m [36m[main][0;39m [33m[o.s.w.s.m.m.a.RequestMappingHandlerAdapter][0;39m - ControllerAdvice beans: 0 @ModelAttribute, 0 @InitBinder, 1 RequestBodyAdvice, 1 ResponseBodyAdvice
18:40:18.508 [39mDEBUG[0;39m [36m[main][0;39m [33m[o.s.w.s.m.m.a.ExceptionHandlerExceptionResolver][0;39m - ControllerAdvice beans: 1 @ExceptionHandler, 1 ResponseBodyAdvice
18:40:19.316 [34mINFO [0;39m [36m[main][0;39m [33m[o.a.coyote.http11.Http11NioProtocol][0;39m - Starting ProtocolHandler ["http-nio-8080"]
18:40:19.403 [34mINFO [0;39m [36m[main][0;39m [33m[o.s.b.w.e.tomcat.TomcatWebServer][0;39m - Tomcat started on port 8080 (http) with context path ''
18:40:19.481 [34mINFO [0;39m [36m[main][0;39m [33m[c.bcbbs.backend.BackendApplication][0;39m - Started BackendApplication in 36.534 seconds (process running for 38.121)
18:40:40.048 [34mINFO [0;39m [36m[http-nio-8080-exec-1][0;39m [33m[o.a.c.c.C.[Tomcat].[localhost].[/]][0;39m - Initializing Spring DispatcherServlet 'dispatcherServlet'
18:40:40.049 [34mINFO [0;39m [36m[http-nio-8080-exec-1][0;39m [33m[o.s.web.servlet.DispatcherServlet][0;39m - Initializing Servlet 'dispatcherServlet'
18:40:40.050 [39mDEBUG[0;39m [36m[http-nio-8080-exec-1][0;39m [33m[o.s.web.servlet.DispatcherServlet][0;39m - Detected StandardServletMultipartResolver
18:40:40.051 [39mDEBUG[0;39m [36m[http-nio-8080-exec-1][0;39m [33m[o.s.web.servlet.DispatcherServlet][0;39m - Detected AcceptHeaderLocaleResolver
18:40:40.051 [39mDEBUG[0;39m [36m[http-nio-8080-exec-1][0;39m [33m[o.s.web.servlet.DispatcherServlet][0;39m - Detected FixedThemeResolver
18:40:40.054 [39mDEBUG[0;39m [36m[http-nio-8080-exec-1][0;39m [33m[o.s.web.servlet.DispatcherServlet][0;39m - Detected org.springframework.web.servlet.view.DefaultRequestToViewNameTranslator@7c855ef0
18:40:40.055 [39mDEBUG[0;39m [36m[http-nio-8080-exec-1][0;39m [33m[o.s.web.servlet.DispatcherServlet][0;39m - Detected org.springframework.web.servlet.support.SessionFlashMapManager@1fd4850b
18:40:40.056 [39mDEBUG[0;39m [36m[http-nio-8080-exec-1][0;39m [33m[o.s.web.servlet.DispatcherServlet][0;39m - enableLoggingRequestDetails='false': request parameters and headers will be masked to prevent unsafe logging of potentially sensitive data
18:40:40.057 [34mINFO [0;39m [36m[http-nio-8080-exec-1][0;39m [33m[o.s.web.servlet.DispatcherServlet][0;39m - Completed initialization in 7 ms
18:40:40.116 [31mWARN [0;39m [36m[http-nio-8080-exec-1][0;39m [33m[o.s.w.s.h.HandlerMappingIntrospector][0;39m - Cache miss for REQUEST dispatch to '/api/public/health' (previous null). Performing MatchableHandlerMapping lookup. This is logged once only at WARN level, and every time at TRACE.
18:40:40.150 [39mDEBUG[0;39m [36m[http-nio-8080-exec-1][0;39m [33m[o.s.web.servlet.DispatcherServlet][0;39m - GET "/api/public/health", parameters={}
18:40:40.157 [39mDEBUG[0;39m [36m[http-nio-8080-exec-1][0;39m [33m[o.s.w.s.m.m.a.RequestMappingHandlerMapping][0;39m - Mapped to com.bcbbs.backend.controller.HealthController#health()
18:40:40.339 [39mDEBUG[0;39m [36m[http-nio-8080-exec-1][0;39m [33m[o.s.w.s.m.m.a.HttpEntityMethodProcessor][0;39m - Using 'application/json', given [*/*] and supported [application/json, application/*+json]
18:40:40.355 [39mDEBUG[0;39m [36m[http-nio-8080-exec-1][0;39m [33m[o.s.w.s.m.m.a.HttpEntityMethodProcessor][0;39m - Writing [ApiResponse(code=200, message=Success, data={service=BCBBS Backend API, status=UP, timestamp=2026-01 (truncated)...]
18:40:40.414 [39mDEBUG[0;39m [36m[http-nio-8080-exec-1][0;39m [33m[o.s.web.servlet.DispatcherServlet][0;39m - Completed 200 OK
18:42:16.952 [39mDEBUG[0;39m [36m[http-nio-8080-exec-2][0;39m [33m[o.s.web.servlet.DispatcherServlet][0;39m - GET "/api/public/captcha", parameters={}
18:42:16.956 [39mDEBUG[0;39m [36m[http-nio-8080-exec-2][0;39m [33m[o.s.w.s.m.m.a.RequestMappingHandlerMapping][0;39m - Mapped to com.bcbbs.backend.controller.PublicController#captcha()
18:42:17.328 [39mDEBUG[0;39m [36m[http-nio-8080-exec-2][0;39m [33m[org.hibernate.SQL][0;39m - 
    select
        ct1_0.token,
        ct1_0.code,
        ct1_0.expires_at,
        ct1_0.used 
    from
        captcha_tokens ct1_0 
    where
        ct1_0.token=?
Hibernate: 
    select
        ct1_0.token,
        ct1_0.code,
        ct1_0.expires_at,
        ct1_0.used 
    from
        captcha_tokens ct1_0 
    where
        ct1_0.token=?
18:42:17.768 [39mDEBUG[0;39m [36m[http-nio-8080-exec-2][0;39m [33m[org.hibernate.SQL][0;39m - 
    insert 
    into
        captcha_tokens
        (code, expires_at, used, token) 
    values
        (?, ?, ?, ?)
Hibernate: 
    insert 
    into
        captcha_tokens
        (code, expires_at, used, token) 
    values
        (?, ?, ?, ?)
18:42:17.849 [39mDEBUG[0;39m [36m[http-nio-8080-exec-2][0;39m [33m[o.s.w.s.m.m.a.HttpEntityMethodProcessor][0;39m - Using 'application/json', given [application/json, text/plain, */*] and supported [application/json, application/*+json]
18:42:17.852 [39mDEBUG[0;39m [36m[http-nio-8080-exec-2][0;39m [33m[o.s.w.s.m.m.a.HttpEntityMethodProcessor][0;39m - Writing [ApiResponse(code=200, message=Success, data=CaptchaResponse(token=3e97d92dabbb463f8cecb1d56ca15471,  (truncated)...]
18:42:17.867 [39mDEBUG[0;39m [36m[http-nio-8080-exec-2][0;39m [33m[o.s.web.servlet.DispatcherServlet][0;39m - Completed 200 OK
19:22:26.619 [39mDEBUG[0;39m [36m[http-nio-8080-exec-3][0;39m [33m[o.s.web.servlet.DispatcherServlet][0;39m - GET "/api/public/captcha", parameters={}
19:22:26.626 [39mDEBUG[0;39m [36m[http-nio-8080-exec-3][0;39m [33m[o.s.w.s.m.m.a.RequestMappingHandlerMapping][0;39m - Mapped to com.bcbbs.backend.controller.PublicController#captcha()
19:22:26.647 [39mDEBUG[0;39m [36m[http-nio-8080-exec-3][0;39m [33m[org.hibernate.SQL][0;39m - 
    select
        ct1_0.token,
        ct1_0.code,
        ct1_0.expires_at,
        ct1_0.used 
    from
        captcha_tokens ct1_0 
    where
        ct1_0.token=?
Hibernate: 
    select
        ct1_0.token,
        ct1_0.code,
        ct1_0.expires_at,
        ct1_0.used 
    from
        captcha_tokens ct1_0 
    where
        ct1_0.token=?
19:22:26.667 [39mDEBUG[0;39m [36m[http-nio-8080-exec-3][0;39m [33m[org.hibernate.SQL][0;39m - 
    insert 
    into
        captcha_tokens
        (code, expires_at, used, token) 
    values
        (?, ?, ?, ?)
Hibernate: 
    insert 
    into
        captcha_tokens
        (code, expires_at, used, token) 
    values
        (?, ?, ?, ?)
19:22:26.706 [39mDEBUG[0;39m [36m[http-nio-8080-exec-3][0;39m [33m[o.s.w.s.m.m.a.HttpEntityMethodProcessor][0;39m - Using 'application/json', given [application/json, text/plain, */*] and supported [application/json, application/*+json]
19:22:26.707 [39mDEBUG[0;39m [36m[http-nio-8080-exec-3][0;39m [33m[o.s.w.s.m.m.a.HttpEntityMethodProcessor][0;39m - Writing [ApiResponse(code=200, message=Success, data=CaptchaResponse(token=f4de34d6b9d64cdd8dc3f73ab4621dcb,  (truncated)...]
19:22:26.708 [39mDEBUG[0;39m [36m[http-nio-8080-exec-3][0;39m [33m[o.s.web.servlet.DispatcherServlet][0;39m - Completed 200 OK
19:23:00.503 [39mDEBUG[0;39m [36m[http-nio-8080-exec-5][0;39m [33m[o.s.web.servlet.DispatcherServlet][0;39m - POST "/api/auth/force-change-password", parameters={}
19:23:00.504 [39mDEBUG[0;39m [36m[http-nio-8080-exec-5][0;39m [33m[o.s.w.s.m.m.a.RequestMappingHandlerMapping][0;39m - Mapped to com.bcbbs.backend.controller.AuthController#forceChangePassword(ForceChangePasswordRequest)
19:23:00.647 [39mDEBUG[0;39m [36m[http-nio-8080-exec-5][0;39m [33m[o.s.w.s.m.m.a.RequestResponseBodyMethodProcessor][0;39m - Read "application/json;charset=UTF-8" to [ForceChangePasswordRequest(username=Aa101010, role=MEMBER, oldPassword=AA101012, newPassword=xie0808 (truncated)...]
19:23:00.985 [39mDEBUG[0;39m [36m[http-nio-8080-exec-5][0;39m [33m[org.hibernate.SQL][0;39m - 
    select
        ct1_0.token,
        ct1_0.code,
        ct1_0.expires_at,
        ct1_0.used 
    from
        captcha_tokens ct1_0 
    where
        ct1_0.token=? 
        and not(ct1_0.used)
Hibernate: 
    select
        ct1_0.token,
        ct1_0.code,
        ct1_0.expires_at,
        ct1_0.used 
    from
        captcha_tokens ct1_0 
    where
        ct1_0.token=? 
        and not(ct1_0.used)
19:23:01.034 [39mDEBUG[0;39m [36m[http-nio-8080-exec-5][0;39m [33m[org.hibernate.SQL][0;39m - 
    update
        captcha_tokens 
    set
        code=?,
        expires_at=?,
        used=? 
    where
        token=?
Hibernate: 
    update
        captcha_tokens 
    set
        code=?,
        expires_at=?,
        used=? 
    where
        token=?
19:23:01.055 [39mDEBUG[0;39m [36m[http-nio-8080-exec-5][0;39m [33m[org.hibernate.SQL][0;39m - 
    select
        u1_0.id,
        u1_0.avatar,
        u1_0.created_at,
        u1_0.email,
        u1_0.enabled,
        u1_0.login_count_without_change,
        u1_0.nickname,
        u1_0.password,
        u1_0.password_changed,
        u1_0.role,
        u1_0.updated_at,
        u1_0.username 
    from
        users u1_0 
    where
        u1_0.username=?
Hibernate: 
    select
        u1_0.id,
        u1_0.avatar,
        u1_0.created_at,
        u1_0.email,
        u1_0.enabled,
        u1_0.login_count_without_change,
        u1_0.nickname,
        u1_0.password,
        u1_0.password_changed,
        u1_0.role,
        u1_0.updated_at,
        u1_0.username 
    from
        users u1_0 
    where
        u1_0.username=?
19:23:01.506 [39mDEBUG[0;39m [36m[http-nio-8080-exec-5][0;39m [33m[org.hibernate.SQL][0;39m - 
    update
        users 
    set
        avatar=?,
        created_at=?,
        email=?,
        enabled=?,
        login_count_without_change=?,
        nickname=?,
        password=?,
        password_changed=?,
        role=?,
        updated_at=?,
        username=? 
    where
        id=?
Hibernate: 
    update
        users 
    set
        avatar=?,
        created_at=?,
        email=?,
        enabled=?,
        login_count_without_change=?,
        nickname=?,
        password=?,
        password_changed=?,
        role=?,
        updated_at=?,
        username=? 
    where
        id=?
19:23:01.722 [39mDEBUG[0;39m [36m[http-nio-8080-exec-5][0;39m [33m[o.s.w.s.m.m.a.HttpEntityMethodProcessor][0;39m - Using 'application/json', given [application/json, text/plain, */*] and supported [application/json, application/*+json]
19:23:01.747 [39mDEBUG[0;39m [36m[http-nio-8080-exec-5][0;39m [33m[o.s.w.s.m.m.a.HttpEntityMethodProcessor][0;39m - Writing [ApiResponse(code=200, message=密码修改成功，账号已解锁, data=AuthResponse(token=eyJhbGciOiJIUzM4NCJ9.eyJzdWIiOiJ (truncated)...]
19:23:01.758 [39mDEBUG[0;39m [36m[http-nio-8080-exec-5][0;39m [33m[o.s.web.servlet.DispatcherServlet][0;39m - Completed 200 OK
19:23:22.376 [39mDEBUG[0;39m [36m[http-nio-8080-exec-6][0;39m [33m[o.s.web.servlet.DispatcherServlet][0;39m - GET "/api/public/captcha", parameters={}
19:23:22.383 [39mDEBUG[0;39m [36m[http-nio-8080-exec-6][0;39m [33m[o.s.w.s.m.m.a.RequestMappingHandlerMapping][0;39m - Mapped to com.bcbbs.backend.controller.PublicController#captcha()
19:23:22.409 [39mDEBUG[0;39m [36m[http-nio-8080-exec-6][0;39m [33m[org.hibernate.SQL][0;39m - 
    select
        ct1_0.token,
        ct1_0.code,
        ct1_0.expires_at,
        ct1_0.used 
    from
        captcha_tokens ct1_0 
    where
        ct1_0.token=?
Hibernate: 
    select
        ct1_0.token,
        ct1_0.code,
        ct1_0.expires_at,
        ct1_0.used 
    from
        captcha_tokens ct1_0 
    where
        ct1_0.token=?
19:23:22.419 [39mDEBUG[0;39m [36m[http-nio-8080-exec-6][0;39m [33m[org.hibernate.SQL][0;39m - 
    insert 
    into
        captcha_tokens
        (code, expires_at, used, token) 
    values
        (?, ?, ?, ?)
Hibernate: 
    insert 
    into
        captcha_tokens
        (code, expires_at, used, token) 
    values
        (?, ?, ?, ?)
19:23:22.448 [39mDEBUG[0;39m [36m[http-nio-8080-exec-6][0;39m [33m[o.s.w.s.m.m.a.HttpEntityMethodProcessor][0;39m - Using 'application/json', given [application/json, text/plain, */*] and supported [application/json, application/*+json]
19:23:22.452 [39mDEBUG[0;39m [36m[http-nio-8080-exec-6][0;39m [33m[o.s.w.s.m.m.a.HttpEntityMethodProcessor][0;39m - Writing [ApiResponse(code=200, message=Success, data=CaptchaResponse(token=7c311bb1a6034c2cbac7335e7bf03b03,  (truncated)...]
19:23:22.455 [39mDEBUG[0;39m [36m[http-nio-8080-exec-6][0;39m [33m[o.s.web.servlet.DispatcherServlet][0;39m - Completed 200 OK
19:24:20.934 [39mDEBUG[0;39m [36m[http-nio-8080-exec-8][0;39m [33m[o.s.web.servlet.DispatcherServlet][0;39m - GET "/api/public/captcha", parameters={}
19:24:20.935 [39mDEBUG[0;39m [36m[http-nio-8080-exec-8][0;39m [33m[o.s.w.s.m.m.a.RequestMappingHandlerMapping][0;39m - Mapped to com.bcbbs.backend.controller.PublicController#captcha()
19:24:20.955 [39mDEBUG[0;39m [36m[http-nio-8080-exec-8][0;39m [33m[org.hibernate.SQL][0;39m - 
    select
        ct1_0.token,
        ct1_0.code,
        ct1_0.expires_at,
        ct1_0.used 
    from
        captcha_tokens ct1_0 
    where
        ct1_0.token=?
Hibernate: 
    select
        ct1_0.token,
        ct1_0.code,
        ct1_0.expires_at,
        ct1_0.used 
    from
        captcha_tokens ct1_0 
    where
        ct1_0.token=?
19:24:20.964 [39mDEBUG[0;39m [36m[http-nio-8080-exec-8][0;39m [33m[org.hibernate.SQL][0;39m - 
    insert 
    into
        captcha_tokens
        (code, expires_at, used, token) 
    values
        (?, ?, ?, ?)
Hibernate: 
    insert 
    into
        captcha_tokens
        (code, expires_at, used, token) 
    values
        (?, ?, ?, ?)
19:24:20.986 [39mDEBUG[0;39m [36m[http-nio-8080-exec-8][0;39m [33m[o.s.w.s.m.m.a.HttpEntityMethodProcessor][0;39m - Using 'application/json', given [application/json, text/plain, */*] and supported [application/json, application/*+json]
19:24:20.990 [39mDEBUG[0;39m [36m[http-nio-8080-exec-8][0;39m [33m[o.s.w.s.m.m.a.HttpEntityMethodProcessor][0;39m - Writing [ApiResponse(code=200, message=Success, data=CaptchaResponse(token=49ffd947c7b04842b095dde30962c90f,  (truncated)...]
19:24:20.994 [39mDEBUG[0;39m [36m[http-nio-8080-exec-8][0;39m [33m[o.s.web.servlet.DispatcherServlet][0;39m - Completed 200 OK
20:34:50.587 [39mDEBUG[0;39m [36m[http-nio-8080-exec-10][0;39m [33m[org.hibernate.SQL][0;39m - 
    select
        u1_0.id,
        u1_0.avatar,
        u1_0.created_at,
        u1_0.email,
        u1_0.enabled,
        u1_0.login_count_without_change,
        u1_0.nickname,
        u1_0.password,
        u1_0.password_changed,
        u1_0.role,
        u1_0.updated_at,
        u1_0.username 
    from
        users u1_0 
    where
        u1_0.username=?
20:34:50.586 [39mDEBUG[0;39m [36m[http-nio-8080-exec-1][0;39m [33m[org.hibernate.SQL][0;39m - 
    select
        u1_0.id,
        u1_0.avatar,
        u1_0.created_at,
        u1_0.email,
        u1_0.enabled,
        u1_0.login_count_without_change,
        u1_0.nickname,
        u1_0.password,
        u1_0.password_changed,
        u1_0.role,
        u1_0.updated_at,
        u1_0.username 
    from
        users u1_0 
    where
        u1_0.username=?
Hibernate: 
    select
        u1_0.id,
        u1_0.avatar,
        u1_0.created_at,
        u1_0.email,
        u1_0.enabled,
        u1_0.login_count_without_change,
        u1_0.nickname,
        u1_0.password,
        u1_0.password_changed,
        u1_0.role,
        u1_0.updated_at,
        u1_0.username 
    from
        users u1_0 
    where
        u1_0.username=?
Hibernate: 
    select
        u1_0.id,
        u1_0.avatar,
        u1_0.created_at,
        u1_0.email,
        u1_0.enabled,
        u1_0.login_count_without_change,
        u1_0.nickname,
        u1_0.password,
        u1_0.password_changed,
        u1_0.role,
        u1_0.updated_at,
        u1_0.username 
    from
        users u1_0 
    where
        u1_0.username=?
20:34:50.619 [39mDEBUG[0;39m [36m[http-nio-8080-exec-10][0;39m [33m[o.s.web.servlet.DispatcherServlet][0;39m - GET "/api/public/lines?type=MEMBER", parameters={masked}
20:34:50.621 [39mDEBUG[0;39m [36m[http-nio-8080-exec-10][0;39m [33m[o.s.w.s.m.m.a.RequestMappingHandlerMapping][0;39m - Mapped to com.bcbbs.backend.controller.PublicController#getLines(String)
20:34:50.620 [39mDEBUG[0;39m [36m[http-nio-8080-exec-1][0;39m [33m[o.s.web.servlet.DispatcherServlet][0;39m - GET "/api/public/lines?type=AGENT", parameters={masked}
20:34:50.623 [39mDEBUG[0;39m [36m[http-nio-8080-exec-1][0;39m [33m[o.s.w.s.m.m.a.RequestMappingHandlerMapping][0;39m - Mapped to com.bcbbs.backend.controller.PublicController#getLines(String)
20:34:50.651 [39mDEBUG[0;39m [36m[http-nio-8080-exec-1][0;39m [33m[org.hibernate.SQL][0;39m - 
    select
        al1_0.id,
        al1_0.active,
        al1_0.created_at,
        al1_0.last_ping_ms,
        al1_0.name,
        al1_0.sort_order,
        al1_0.type,
        al1_0.updated_at,
        al1_0.url 
    from
        access_lines al1_0 
    where
        al1_0.type=? 
        and al1_0.active 
    order by
        al1_0.sort_order
Hibernate: 
    select
        al1_0.id,
        al1_0.active,
        al1_0.created_at,
        al1_0.last_ping_ms,
        al1_0.name,
        al1_0.sort_order,
        al1_0.type,
        al1_0.updated_at,
        al1_0.url 
    from
        access_lines al1_0 
    where
        al1_0.type=? 
        and al1_0.active 
    order by
        al1_0.sort_order
20:34:50.652 [39mDEBUG[0;39m [36m[http-nio-8080-exec-10][0;39m [33m[org.hibernate.SQL][0;39m - 
    select
        al1_0.id,
        al1_0.active,
        al1_0.created_at,
        al1_0.last_ping_ms,
        al1_0.name,
        al1_0.sort_order,
        al1_0.type,
        al1_0.updated_at,
        al1_0.url 
    from
        access_lines al1_0 
    where
        al1_0.type=? 
        and al1_0.active 
    order by
        al1_0.sort_order
Hibernate: 
    select
        al1_0.id,
        al1_0.active,
        al1_0.created_at,
        al1_0.last_ping_ms,
        al1_0.name,
        al1_0.sort_order,
        al1_0.type,
        al1_0.updated_at,
        al1_0.url 
    from
        access_lines al1_0 
    where
        al1_0.type=? 
        and al1_0.active 
    order by
        al1_0.sort_order
20:34:50.661 [39mDEBUG[0;39m [36m[http-nio-8080-exec-1][0;39m [33m[o.s.w.s.m.m.a.HttpEntityMethodProcessor][0;39m - Using 'application/json', given [application/json, text/plain, */*] and supported [application/json, application/*+json]
20:34:50.663 [39mDEBUG[0;39m [36m[http-nio-8080-exec-1][0;39m [33m[o.s.w.s.m.m.a.HttpEntityMethodProcessor][0;39m - Writing [ApiResponse(code=200, message=Success, data=[], errorId=null, timestamp=null)]
20:34:50.664 [39mDEBUG[0;39m [36m[http-nio-8080-exec-10][0;39m [33m[o.s.w.s.m.m.a.HttpEntityMethodProcessor][0;39m - Using 'application/json', given [application/json, text/plain, */*] and supported [application/json, application/*+json]
20:34:50.665 [39mDEBUG[0;39m [36m[http-nio-8080-exec-10][0;39m [33m[o.s.w.s.m.m.a.HttpEntityMethodProcessor][0;39m - Writing [ApiResponse(code=200, message=Success, data=[], errorId=null, timestamp=null)]
20:34:50.669 [39mDEBUG[0;39m [36m[http-nio-8080-exec-10][0;39m [33m[o.s.web.servlet.DispatcherServlet][0;39m - Completed 200 OK
20:34:50.672 [39mDEBUG[0;39m [36m[http-nio-8080-exec-1][0;39m [33m[o.s.web.servlet.DispatcherServlet][0;39m - Completed 200 OK
20:38:22.913 [39mDEBUG[0;39m [36m[http-nio-8080-exec-2][0;39m [33m[o.s.web.servlet.DispatcherServlet][0;39m - GET "/api/public/captcha", parameters={}
20:38:22.914 [39mDEBUG[0;39m [36m[http-nio-8080-exec-2][0;39m [33m[o.s.w.s.m.m.a.RequestMappingHandlerMapping][0;39m - Mapped to com.bcbbs.backend.controller.PublicController#captcha()
20:38:22.923 [39mDEBUG[0;39m [36m[http-nio-8080-exec-2][0;39m [33m[org.hibernate.SQL][0;39m - 
    select
        ct1_0.token,
        ct1_0.code,
        ct1_0.expires_at,
        ct1_0.used 
    from
        captcha_tokens ct1_0 
    where
        ct1_0.token=?
Hibernate: 
    select
        ct1_0.token,
        ct1_0.code,
        ct1_0.expires_at,
        ct1_0.used 
    from
        captcha_tokens ct1_0 
    where
        ct1_0.token=?
20:38:22.934 [39mDEBUG[0;39m [36m[http-nio-8080-exec-2][0;39m [33m[org.hibernate.SQL][0;39m - 
    insert 
    into
        captcha_tokens
        (code, expires_at, used, token) 
    values
        (?, ?, ?, ?)
Hibernate: 
    insert 
    into
        captcha_tokens
        (code, expires_at, used, token) 
    values
        (?, ?, ?, ?)
20:38:22.946 [39mDEBUG[0;39m [36m[http-nio-8080-exec-2][0;39m [33m[o.s.w.s.m.m.a.HttpEntityMethodProcessor][0;39m - Using 'application/json', given [*/*] and supported [application/json, application/*+json]
20:38:22.948 [39mDEBUG[0;39m [36m[http-nio-8080-exec-2][0;39m [33m[o.s.w.s.m.m.a.HttpEntityMethodProcessor][0;39m - Writing [ApiResponse(code=200, message=Success, data=CaptchaResponse(token=32f9269b72854ae786bc37871c737678,  (truncated)...]
20:38:22.951 [39mDEBUG[0;39m [36m[http-nio-8080-exec-2][0;39m [33m[o.s.web.servlet.DispatcherServlet][0;39m - Completed 200 OK
20:38:22.965 [39mDEBUG[0;39m [36m[http-nio-8080-exec-3][0;39m [33m[o.s.web.servlet.DispatcherServlet][0;39m - POST "/api/auth/role-login", parameters={}
20:38:22.967 [39mDEBUG[0;39m [36m[http-nio-8080-exec-3][0;39m [33m[o.s.w.s.m.m.a.RequestMappingHandlerMapping][0;39m - Mapped to com.bcbbs.backend.controller.AuthController#roleLogin(RoleLoginRequest)
20:38:22.977 [39mDEBUG[0;39m [36m[http-nio-8080-exec-3][0;39m [33m[o.s.w.s.m.m.a.RequestResponseBodyMethodProcessor][0;39m - Read "application/json;charset=UTF-8" to [RoleLoginRequest(username=cc1000, password=Cc1000@123, role=MEMBER, captchaToken=32f9269b72854ae786b (truncated)...]
20:38:23.013 [39mDEBUG[0;39m [36m[http-nio-8080-exec-3][0;39m [33m[org.hibernate.SQL][0;39m - 
    select
        ct1_0.token,
        ct1_0.code,
        ct1_0.expires_at,
        ct1_0.used 
    from
        captcha_tokens ct1_0 
    where
        ct1_0.token=? 
        and not(ct1_0.used)
Hibernate: 
    select
        ct1_0.token,
        ct1_0.code,
        ct1_0.expires_at,
        ct1_0.used 
    from
        captcha_tokens ct1_0 
    where
        ct1_0.token=? 
        and not(ct1_0.used)
20:38:23.023 [39mDEBUG[0;39m [36m[http-nio-8080-exec-3][0;39m [33m[org.hibernate.SQL][0;39m - 
    update
        captcha_tokens 
    set
        code=?,
        expires_at=?,
        used=? 
    where
        token=?
Hibernate: 
    update
        captcha_tokens 
    set
        code=?,
        expires_at=?,
        used=? 
    where
        token=?
20:38:23.041 [39mDEBUG[0;39m [36m[http-nio-8080-exec-3][0;39m [33m[org.hibernate.SQL][0;39m - 
    select
        u1_0.id,
        u1_0.avatar,
        u1_0.created_at,
        u1_0.email,
        u1_0.enabled,
        u1_0.login_count_without_change,
        u1_0.nickname,
        u1_0.password,
        u1_0.password_changed,
        u1_0.role,
        u1_0.updated_at,
        u1_0.username 
    from
        users u1_0 
    where
        u1_0.username=?
Hibernate: 
    select
        u1_0.id,
        u1_0.avatar,
        u1_0.created_at,
        u1_0.email,
        u1_0.enabled,
        u1_0.login_count_without_change,
        u1_0.nickname,
        u1_0.password,
        u1_0.password_changed,
        u1_0.role,
        u1_0.updated_at,
        u1_0.username 
    from
        users u1_0 
    where
        u1_0.username=?
20:38:23.185 [39mDEBUG[0;39m [36m[http-nio-8080-exec-3][0;39m [33m[org.hibernate.SQL][0;39m - 
    select
        u1_0.id,
        u1_0.avatar,
        u1_0.created_at,
        u1_0.email,
        u1_0.enabled,
        u1_0.login_count_without_change,
        u1_0.nickname,
        u1_0.password,
        u1_0.password_changed,
        u1_0.role,
        u1_0.updated_at,
        u1_0.username 
    from
        users u1_0 
    where
        u1_0.username=?
Hibernate: 
    select
        u1_0.id,
        u1_0.avatar,
        u1_0.created_at,
        u1_0.email,
        u1_0.enabled,
        u1_0.login_count_without_change,
        u1_0.nickname,
        u1_0.password,
        u1_0.password_changed,
        u1_0.role,
        u1_0.updated_at,
        u1_0.username 
    from
        users u1_0 
    where
        u1_0.username=?
20:38:23.301 [34mINFO [0;39m [36m[http-nio-8080-exec-3][0;39m [33m[c.b.b.controller.AuthController][0;39m - 用户 cc1000 登录 - 原始值: passwordChanged=false, loginCount=0
20:38:23.302 [34mINFO [0;39m [36m[http-nio-8080-exec-3][0;39m [33m[c.b.b.controller.AuthController][0;39m - 用户 cc1000 需要修改密码 - needPasswordChange=true, 新loginCount=1
20:38:23.314 [39mDEBUG[0;39m [36m[http-nio-8080-exec-3][0;39m [33m[org.hibernate.SQL][0;39m - 
    update
        users 
    set
        avatar=?,
        created_at=?,
        email=?,
        enabled=?,
        login_count_without_change=?,
        nickname=?,
        password=?,
        password_changed=?,
        role=?,
        updated_at=?,
        username=? 
    where
        id=?
Hibernate: 
    update
        users 
    set
        avatar=?,
        created_at=?,
        email=?,
        enabled=?,
        login_count_without_change=?,
        nickname=?,
        password=?,
        password_changed=?,
        role=?,
        updated_at=?,
        username=? 
    where
        id=?
20:38:23.327 [39mDEBUG[0;39m [36m[http-nio-8080-exec-3][0;39m [33m[o.s.w.s.m.m.a.HttpEntityMethodProcessor][0;39m - Using 'application/json', given [*/*] and supported [application/json, application/*+json]
20:38:23.329 [39mDEBUG[0;39m [36m[http-nio-8080-exec-3][0;39m [33m[o.s.w.s.m.m.a.HttpEntityMethodProcessor][0;39m - Writing [ApiResponse(code=200, message=Login successful, data=AuthResponse(token=eyJhbGciOiJIUzM4NCJ9.eyJzdWI (truncated)...]
20:38:23.333 [39mDEBUG[0;39m [36m[http-nio-8080-exec-3][0;39m [33m[o.s.web.servlet.DispatcherServlet][0;39m - Completed 200 OK
20:42:54.486 [39mDEBUG[0;39m [36m[http-nio-8080-exec-4][0;39m [33m[o.s.web.servlet.DispatcherServlet][0;39m - GET "/api/public/captcha", parameters={}
20:42:54.489 [39mDEBUG[0;39m [36m[http-nio-8080-exec-4][0;39m [33m[o.s.w.s.m.m.a.RequestMappingHandlerMapping][0;39m - Mapped to com.bcbbs.backend.controller.PublicController#captcha()
20:42:54.520 [39mDEBUG[0;39m [36m[http-nio-8080-exec-4][0;39m [33m[org.hibernate.SQL][0;39m - 
    select
        ct1_0.token,
        ct1_0.code,
        ct1_0.expires_at,
        ct1_0.used 
    from
        captcha_tokens ct1_0 
    where
        ct1_0.token=?
Hibernate: 
    select
        ct1_0.token,
        ct1_0.code,
        ct1_0.expires_at,
        ct1_0.used 
    from
        captcha_tokens ct1_0 
    where
        ct1_0.token=?
20:42:54.541 [39mDEBUG[0;39m [36m[http-nio-8080-exec-4][0;39m [33m[org.hibernate.SQL][0;39m - 
    insert 
    into
        captcha_tokens
        (code, expires_at, used, token) 
    values
        (?, ?, ?, ?)
Hibernate: 
    insert 
    into
        captcha_tokens
        (code, expires_at, used, token) 
    values
        (?, ?, ?, ?)
20:42:54.579 [39mDEBUG[0;39m [36m[http-nio-8080-exec-4][0;39m [33m[o.s.w.s.m.m.a.HttpEntityMethodProcessor][0;39m - Using 'application/json', given [application/json, text/plain, */*] and supported [application/json, application/*+json]
20:42:54.582 [39mDEBUG[0;39m [36m[http-nio-8080-exec-4][0;39m [33m[o.s.w.s.m.m.a.HttpEntityMethodProcessor][0;39m - Writing [ApiResponse(code=200, message=Success, data=CaptchaResponse(token=369ab724084e4dd08ce454180514c27a,  (truncated)...]
20:42:54.590 [39mDEBUG[0;39m [36m[http-nio-8080-exec-4][0;39m [33m[o.s.web.servlet.DispatcherServlet][0;39m - Completed 200 OK
20:44:33.385 [39mDEBUG[0;39m [36m[http-nio-8080-exec-5][0;39m [33m[o.s.web.servlet.DispatcherServlet][0;39m - POST "/api/auth/role-login", parameters={}
20:44:33.388 [39mDEBUG[0;39m [36m[http-nio-8080-exec-5][0;39m [33m[o.s.w.s.m.m.a.RequestMappingHandlerMapping][0;39m - Mapped to com.bcbbs.backend.controller.AuthController#roleLogin(RoleLoginRequest)
20:44:33.402 [39mDEBUG[0;39m [36m[http-nio-8080-exec-5][0;39m [33m[o.s.w.s.m.m.a.RequestResponseBodyMethodProcessor][0;39m - Read "application/json;charset=UTF-8" to [RoleLoginRequest(username=cc1000, password=Cc1000@123, role=MEMBER, captchaToken=369ab724084e4dd08ce (truncated)...]
20:44:33.422 [39mDEBUG[0;39m [36m[http-nio-8080-exec-5][0;39m [33m[org.hibernate.SQL][0;39m - 
    select
        ct1_0.token,
        ct1_0.code,
        ct1_0.expires_at,
        ct1_0.used 
    from
        captcha_tokens ct1_0 
    where
        ct1_0.token=? 
        and not(ct1_0.used)
Hibernate: 
    select
        ct1_0.token,
        ct1_0.code,
        ct1_0.expires_at,
        ct1_0.used 
    from
        captcha_tokens ct1_0 
    where
        ct1_0.token=? 
        and not(ct1_0.used)
20:44:33.447 [39mDEBUG[0;39m [36m[http-nio-8080-exec-5][0;39m [33m[org.hibernate.SQL][0;39m - 
    update
        captcha_tokens 
    set
        code=?,
        expires_at=?,
        used=? 
    where
        token=?
Hibernate: 
    update
        captcha_tokens 
    set
        code=?,
        expires_at=?,
        used=? 
    where
        token=?
20:44:33.494 [39mDEBUG[0;39m [36m[http-nio-8080-exec-5][0;39m [33m[org.hibernate.SQL][0;39m - 
    select
        u1_0.id,
        u1_0.avatar,
        u1_0.created_at,
        u1_0.email,
        u1_0.enabled,
        u1_0.login_count_without_change,
        u1_0.nickname,
        u1_0.password,
        u1_0.password_changed,
        u1_0.role,
        u1_0.updated_at,
        u1_0.username 
    from
        users u1_0 
    where
        u1_0.username=?
Hibernate: 
    select
        u1_0.id,
        u1_0.avatar,
        u1_0.created_at,
        u1_0.email,
        u1_0.enabled,
        u1_0.login_count_without_change,
        u1_0.nickname,
        u1_0.password,
        u1_0.password_changed,
        u1_0.role,
        u1_0.updated_at,
        u1_0.username 
    from
        users u1_0 
    where
        u1_0.username=?
20:44:33.521 [39mDEBUG[0;39m [36m[http-nio-8080-exec-5][0;39m [33m[org.hibernate.SQL][0;39m - 
    select
        u1_0.id,
        u1_0.avatar,
        u1_0.created_at,
        u1_0.email,
        u1_0.enabled,
        u1_0.login_count_without_change,
        u1_0.nickname,
        u1_0.password,
        u1_0.password_changed,
        u1_0.role,
        u1_0.updated_at,
        u1_0.username 
    from
        users u1_0 
    where
        u1_0.username=?
Hibernate: 
    select
        u1_0.id,
        u1_0.avatar,
        u1_0.created_at,
        u1_0.email,
        u1_0.enabled,
        u1_0.login_count_without_change,
        u1_0.nickname,
        u1_0.password,
        u1_0.password_changed,
        u1_0.role,
        u1_0.updated_at,
        u1_0.username 
    from
        users u1_0 
    where
        u1_0.username=?
20:44:33.649 [34mINFO [0;39m [36m[http-nio-8080-exec-5][0;39m [33m[c.b.b.controller.AuthController][0;39m - 用户 cc1000 登录 - 原始值: passwordChanged=false, loginCount=1
20:44:33.650 [34mINFO [0;39m [36m[http-nio-8080-exec-5][0;39m [33m[c.b.b.controller.AuthController][0;39m - 用户 cc1000 需要修改密码 - needPasswordChange=true, 新loginCount=2
20:44:33.657 [39mDEBUG[0;39m [36m[http-nio-8080-exec-5][0;39m [33m[org.hibernate.SQL][0;39m - 
    update
        users 
    set
        avatar=?,
        created_at=?,
        email=?,
        enabled=?,
        login_count_without_change=?,
        nickname=?,
        password=?,
        password_changed=?,
        role=?,
        updated_at=?,
        username=? 
    where
        id=?
Hibernate: 
    update
        users 
    set
        avatar=?,
        created_at=?,
        email=?,
        enabled=?,
        login_count_without_change=?,
        nickname=?,
        password=?,
        password_changed=?,
        role=?,
        updated_at=?,
        username=? 
    where
        id=?
20:44:33.707 [39mDEBUG[0;39m [36m[http-nio-8080-exec-5][0;39m [33m[o.s.w.s.m.m.a.HttpEntityMethodProcessor][0;39m - Using 'application/json', given [application/json, text/plain, */*] and supported [application/json, application/*+json]
20:44:33.708 [39mDEBUG[0;39m [36m[http-nio-8080-exec-5][0;39m [33m[o.s.w.s.m.m.a.HttpEntityMethodProcessor][0;39m - Writing [ApiResponse(code=200, message=Login successful, data=AuthResponse(token=eyJhbGciOiJIUzM4NCJ9.eyJzdWI (truncated)...]
20:44:33.718 [39mDEBUG[0;39m [36m[http-nio-8080-exec-5][0;39m [33m[o.s.web.servlet.DispatcherServlet][0;39m - Completed 200 OK
21:38:42.516 [39mDEBUG[0;39m [36m[http-nio-8080-exec-8][0;39m [33m[org.hibernate.SQL][0;39m - 
    select
        u1_0.id,
        u1_0.avatar,
        u1_0.created_at,
        u1_0.email,
        u1_0.enabled,
        u1_0.login_count_without_change,
        u1_0.nickname,
        u1_0.password,
        u1_0.password_changed,
        u1_0.role,
        u1_0.updated_at,
        u1_0.username 
    from
        users u1_0 
    where
        u1_0.username=?
21:38:42.514 [39mDEBUG[0;39m [36m[http-nio-8080-exec-7][0;39m [33m[org.hibernate.SQL][0;39m - 
    select
        u1_0.id,
        u1_0.avatar,
        u1_0.created_at,
        u1_0.email,
        u1_0.enabled,
        u1_0.login_count_without_change,
        u1_0.nickname,
        u1_0.password,
        u1_0.password_changed,
        u1_0.role,
        u1_0.updated_at,
        u1_0.username 
    from
        users u1_0 
    where
        u1_0.username=?
Hibernate: 
    select
        u1_0.id,
        u1_0.avatar,
        u1_0.created_at,
        u1_0.email,
        u1_0.enabled,
        u1_0.login_count_without_change,
        u1_0.nickname,
        u1_0.password,
        u1_0.password_changed,
        u1_0.role,
        u1_0.updated_at,
        u1_0.username 
    from
        users u1_0 
    where
        u1_0.username=?
Hibernate: 
    select
        u1_0.id,
        u1_0.avatar,
        u1_0.created_at,
        u1_0.email,
        u1_0.enabled,
        u1_0.login_count_without_change,
        u1_0.nickname,
        u1_0.password,
        u1_0.password_changed,
        u1_0.role,
        u1_0.updated_at,
        u1_0.username 
    from
        users u1_0 
    where
        u1_0.username=?
21:38:42.575 [39mDEBUG[0;39m [36m[http-nio-8080-exec-8][0;39m [33m[o.s.web.servlet.DispatcherServlet][0;39m - GET "/api/public/lines?type=MEMBER", parameters={masked}
21:38:42.579 [39mDEBUG[0;39m [36m[http-nio-8080-exec-7][0;39m [33m[o.s.web.servlet.DispatcherServlet][0;39m - GET "/api/public/lines?type=AGENT", parameters={masked}
21:38:42.581 [39mDEBUG[0;39m [36m[http-nio-8080-exec-7][0;39m [33m[o.s.w.s.m.m.a.RequestMappingHandlerMapping][0;39m - Mapped to com.bcbbs.backend.controller.PublicController#getLines(String)
21:38:42.577 [39mDEBUG[0;39m [36m[http-nio-8080-exec-8][0;39m [33m[o.s.w.s.m.m.a.RequestMappingHandlerMapping][0;39m - Mapped to com.bcbbs.backend.controller.PublicController#getLines(String)
21:38:42.602 [39mDEBUG[0;39m [36m[http-nio-8080-exec-7][0;39m [33m[org.hibernate.SQL][0;39m - 
    select
        al1_0.id,
        al1_0.active,
        al1_0.created_at,
        al1_0.last_ping_ms,
        al1_0.name,
        al1_0.sort_order,
        al1_0.type,
        al1_0.updated_at,
        al1_0.url 
    from
        access_lines al1_0 
    where
        al1_0.type=? 
        and al1_0.active 
    order by
        al1_0.sort_order
Hibernate: 
    select
        al1_0.id,
        al1_0.active,
        al1_0.created_at,
        al1_0.last_ping_ms,
        al1_0.name,
        al1_0.sort_order,
        al1_0.type,
        al1_0.updated_at,
        al1_0.url 
    from
        access_lines al1_0 
    where
        al1_0.type=? 
        and al1_0.active 
    order by
        al1_0.sort_order
21:38:42.598 [39mDEBUG[0;39m [36m[http-nio-8080-exec-8][0;39m [33m[org.hibernate.SQL][0;39m - 
    select
        al1_0.id,
        al1_0.active,
        al1_0.created_at,
        al1_0.last_ping_ms,
        al1_0.name,
        al1_0.sort_order,
        al1_0.type,
        al1_0.updated_at,
        al1_0.url 
    from
        access_lines al1_0 
    where
        al1_0.type=? 
        and al1_0.active 
    order by
        al1_0.sort_order
Hibernate: 
    select
        al1_0.id,
        al1_0.active,
        al1_0.created_at,
        al1_0.last_ping_ms,
        al1_0.name,
        al1_0.sort_order,
        al1_0.type,
        al1_0.updated_at,
        al1_0.url 
    from
        access_lines al1_0 
    where
        al1_0.type=? 
        and al1_0.active 
    order by
        al1_0.sort_order
21:38:42.619 [39mDEBUG[0;39m [36m[http-nio-8080-exec-7][0;39m [33m[o.s.w.s.m.m.a.HttpEntityMethodProcessor][0;39m - Using 'application/json', given [application/json, text/plain, */*] and supported [application/json, application/*+json]
21:38:42.622 [39mDEBUG[0;39m [36m[http-nio-8080-exec-8][0;39m [33m[o.s.w.s.m.m.a.HttpEntityMethodProcessor][0;39m - Using 'application/json', given [application/json, text/plain, */*] and supported [application/json, application/*+json]
21:38:42.624 [39mDEBUG[0;39m [36m[http-nio-8080-exec-7][0;39m [33m[o.s.w.s.m.m.a.HttpEntityMethodProcessor][0;39m - Writing [ApiResponse(code=200, message=Success, data=[], errorId=null, timestamp=null)]
21:38:42.630 [39mDEBUG[0;39m [36m[http-nio-8080-exec-7][0;39m [33m[o.s.web.servlet.DispatcherServlet][0;39m - Completed 200 OK
21:38:42.631 [39mDEBUG[0;39m [36m[http-nio-8080-exec-8][0;39m [33m[o.s.w.s.m.m.a.HttpEntityMethodProcessor][0;39m - Writing [ApiResponse(code=200, message=Success, data=[], errorId=null, timestamp=null)]
21:38:42.638 [39mDEBUG[0;39m [36m[http-nio-8080-exec-8][0;39m [33m[o.s.web.servlet.DispatcherServlet][0;39m - Completed 200 OK
